{"numTotalTestSuites":15,"numPassedTestSuites":15,"numFailedTestSuites":0,"numPendingTestSuites":0,"numTotalTests":36,"numPassedTests":36,"numFailedTests":0,"numPendingTests":0,"numTodoTests":0,"snapshot":{"added":0,"failure":false,"filesAdded":0,"filesRemoved":0,"filesRemovedList":[],"filesUnmatched":0,"filesUpdated":0,"matched":0,"total":0,"unchecked":0,"uncheckedKeysByFile":[],"unmatched":0,"updated":0,"didUpdate":false},"startTime":1765468760819,"success":true,"testResults":[{"assertionResults":[{"ancestorTitles":["Logique de déplacement","estValide"],"fullName":"Logique de déplacement estValide accepte une position à l'intérieur du plateau (case libre)","status":"passed","title":"accepte une position à l'intérieur du plateau (case libre)","duration":1.3448999999999955,"failureMessages":[],"meta":{}},{"ancestorTitles":["Logique de déplacement","estValide"],"fullName":"Logique de déplacement estValide rejette position x négatif","status":"passed","title":"rejette position x négatif","duration":0.19089999999999918,"failureMessages":[],"meta":{}},{"ancestorTitles":["Logique de déplacement","estValide"],"fullName":"Logique de déplacement estValide rejette position y négatif","status":"passed","title":"rejette position y négatif","duration":0.12530000000000996,"failureMessages":[],"meta":{}},{"ancestorTitles":["Logique de déplacement","estValide"],"fullName":"Logique de déplacement estValide rejette position x hors limites","status":"passed","title":"rejette position x hors limites","duration":0.17509999999998627,"failureMessages":[],"meta":{}},{"ancestorTitles":["Logique de déplacement","estValide"],"fullName":"Logique de déplacement estValide rejette position y hors limites","status":"passed","title":"rejette position y hors limites","duration":0.22820000000001528,"failureMessages":[],"meta":{}},{"ancestorTitles":["Logique de déplacement","estValide"],"fullName":"Logique de déplacement estValide accepte les coins du plateau","status":"passed","title":"accepte les coins du plateau","duration":0.17310000000000514,"failureMessages":[],"meta":{}},{"ancestorTitles":["Logique de déplacement","estValide"],"fullName":"Logique de déplacement estValide rejette une case bloquée","status":"passed","title":"rejette une case bloquée","duration":0.10219999999998208,"failureMessages":[],"meta":{}},{"ancestorTitles":["Logique de déplacement","deplacerPersonnage"],"fullName":"Logique de déplacement deplacerPersonnage déplace vers le haut","status":"passed","title":"déplace vers le haut","duration":0.6257999999999981,"failureMessages":[],"meta":{}},{"ancestorTitles":["Logique de déplacement","deplacerPersonnage"],"fullName":"Logique de déplacement deplacerPersonnage déplace vers le bas","status":"passed","title":"déplace vers le bas","duration":0.18369999999998754,"failureMessages":[],"meta":{}},{"ancestorTitles":["Logique de déplacement","deplacerPersonnage"],"fullName":"Logique de déplacement deplacerPersonnage déplace vers la gauche","status":"passed","title":"déplace vers la gauche","duration":0.18539999999998713,"failureMessages":[],"meta":{}},{"ancestorTitles":["Logique de déplacement","deplacerPersonnage"],"fullName":"Logique de déplacement deplacerPersonnage déplace vers la droite","status":"passed","title":"déplace vers la droite","duration":0.13509999999999422,"failureMessages":[],"meta":{}},{"ancestorTitles":["Logique de déplacement","deplacerPersonnage"],"fullName":"Logique de déplacement deplacerPersonnage retourne null si déplacement hors limites (bord supérieur)","status":"passed","title":"retourne null si déplacement hors limites (bord supérieur)","duration":0.11350000000001614,"failureMessages":[],"meta":{}},{"ancestorTitles":["Logique de déplacement","deplacerPersonnage"],"fullName":"Logique de déplacement deplacerPersonnage retourne null si déplacement hors limites (bord droit)","status":"passed","title":"retourne null si déplacement hors limites (bord droit)","duration":0.0882000000000005,"failureMessages":[],"meta":{}},{"ancestorTitles":["Logique de déplacement","deplacerPersonnage"],"fullName":"Logique de déplacement deplacerPersonnage retourne null si case cible bloquée","status":"passed","title":"retourne null si case cible bloquée","duration":0.0957000000000221,"failureMessages":[],"meta":{}}],"startTime":1765468770307,"endTime":1765468770311.1135,"status":"passed","message":"","name":"D:/heh-dst/programmation/exercices/jeux-tp1/src/test/deplacement.test.ts"},{"assertionResults":[{"ancestorTitles":["Création du plateau"],"fullName":"Création du plateau crée un plateau avec les bonnes dimensions","status":"passed","title":"crée un plateau avec les bonnes dimensions","duration":1.8225999999999942,"failureMessages":[],"meta":{}},{"ancestorTitles":["Création du plateau"],"fullName":"Création du plateau initialise toutes les cases à \"libre\"","status":"passed","title":"initialise toutes les cases à \"libre\"","duration":0.18600000000000705,"failureMessages":[],"meta":{}},{"ancestorTitles":["Création du plateau"],"fullName":"Création du plateau stocke correctement les positions de départ et cible","status":"passed","title":"stocke correctement les positions de départ et cible","duration":0.5700000000000216,"failureMessages":[],"meta":{}},{"ancestorTitles":["Création du plateau"],"fullName":"Création du plateau gère un plateau 1x1","status":"passed","title":"gère un plateau 1x1","duration":0.12350000000000705,"failureMessages":[],"meta":{}},{"ancestorTitles":["Création du plateau"],"fullName":"Création du plateau gère un plateau rectangulaire","status":"passed","title":"gère un plateau rectangulaire","duration":0.18010000000001014,"failureMessages":[],"meta":{}}],"startTime":1765468770317,"endTime":1765468770320.1802,"status":"passed","message":"","name":"D:/heh-dst/programmation/exercices/jeux-tp1/src/test/plateau.test.ts"},{"assertionResults":[{"ancestorTitles":["Conversion position ↔ indice","positionVersIndice"],"fullName":"Conversion position ↔ indice positionVersIndice convertit position (0,0) en indice 0","status":"passed","title":"convertit position (0,0) en indice 0","duration":1.119799999999998,"failureMessages":[],"meta":{}},{"ancestorTitles":["Conversion position ↔ indice","positionVersIndice"],"fullName":"Conversion position ↔ indice positionVersIndice convertit position (2,3) en indice 17 (largeur 5)","status":"passed","title":"convertit position (2,3) en indice 17 (largeur 5)","duration":0.2032000000000096,"failureMessages":[],"meta":{}},{"ancestorTitles":["Conversion position ↔ indice","positionVersIndice"],"fullName":"Conversion position ↔ indice positionVersIndice convertit dernière position (4,4) en indice 24 (plateau 5x5)","status":"passed","title":"convertit dernière position (4,4) en indice 24 (plateau 5x5)","duration":0.13339999999999463,"failureMessages":[],"meta":{}},{"ancestorTitles":["Conversion position ↔ indice","positionVersIndice"],"fullName":"Conversion position ↔ indice positionVersIndice gère largeur différente (largeur 10)","status":"passed","title":"gère largeur différente (largeur 10)","duration":0.21750000000000114,"failureMessages":[],"meta":{}},{"ancestorTitles":["Conversion position ↔ indice","indiceVersPosition"],"fullName":"Conversion position ↔ indice indiceVersPosition convertit indice 0 en position (0,0)","status":"passed","title":"convertit indice 0 en position (0,0)","duration":0.6259000000000015,"failureMessages":[],"meta":{}},{"ancestorTitles":["Conversion position ↔ indice","indiceVersPosition"],"fullName":"Conversion position ↔ indice indiceVersPosition convertit indice 17 en position (2,3) (largeur 5)","status":"passed","title":"convertit indice 17 en position (2,3) (largeur 5)","duration":0.14009999999998968,"failureMessages":[],"meta":{}},{"ancestorTitles":["Conversion position ↔ indice","indiceVersPosition"],"fullName":"Conversion position ↔ indice indiceVersPosition convertit indice 24 en position (4,4) (plateau 5x5)","status":"passed","title":"convertit indice 24 en position (4,4) (plateau 5x5)","duration":0.2231999999999914,"failureMessages":[],"meta":{}},{"ancestorTitles":["Conversion position ↔ indice","indiceVersPosition"],"fullName":"Conversion position ↔ indice indiceVersPosition gère largeur différente (largeur 10)","status":"passed","title":"gère largeur différente (largeur 10)","duration":0.21539999999998827,"failureMessages":[],"meta":{}},{"ancestorTitles":["Conversion position ↔ indice","Conversion réversible"],"fullName":"Conversion position ↔ indice Conversion réversible position → indice → position retourne la position initiale","status":"passed","title":"position → indice → position retourne la position initiale","duration":0.1967000000000212,"failureMessages":[],"meta":{}},{"ancestorTitles":["Conversion position ↔ indice","Conversion réversible"],"fullName":"Conversion position ↔ indice Conversion réversible indice → position → indice retourne l'indice initial","status":"passed","title":"indice → position → indice retourne l'indice initial","duration":0.13900000000001,"failureMessages":[],"meta":{}}],"startTime":1765468770311,"endTime":1765468770314.2231,"status":"passed","message":"","name":"D:/heh-dst/programmation/exercices/jeux-tp1/src/test/conversion.test.ts"},{"assertionResults":[{"ancestorTitles":["Bonus : Compter cases accessibles"],"fullName":"Bonus : Compter cases accessibles compte toutes les cases si plateau vide","status":"passed","title":"compte toutes les cases si plateau vide","duration":1.3891999999999882,"failureMessages":[],"meta":{}},{"ancestorTitles":["Bonus : Compter cases accessibles"],"fullName":"Bonus : Compter cases accessibles compte 1 si personnage isolé","status":"passed","title":"compte 1 si personnage isolé","duration":0.18610000000001037,"failureMessages":[],"meta":{}},{"ancestorTitles":["Bonus : Compter cases accessibles"],"fullName":"Bonus : Compter cases accessibles compte cases accessibles dans un couloir","status":"passed","title":"compte cases accessibles dans un couloir","duration":0.1449999999999818,"failureMessages":[],"meta":{}}],"startTime":1765468770325,"endTime":1765468770326.3892,"status":"passed","message":"","name":"D:/heh-dst/programmation/exercices/jeux-tp1/src/test/bonus.test.ts"},{"assertionResults":[{"ancestorTitles":["Calcul du score"],"fullName":"Calcul du score calcule score = mouvements + temps","status":"passed","title":"calcule score = mouvements + temps","duration":1.2704999999999984,"failureMessages":[],"meta":{}},{"ancestorTitles":["Calcul du score"],"fullName":"Calcul du score gère score avec 0 mouvements","status":"passed","title":"gère score avec 0 mouvements","duration":0.19369999999997844,"failureMessages":[],"meta":{}},{"ancestorTitles":["Calcul du score"],"fullName":"Calcul du score gère score avec 0 secondes","status":"passed","title":"gère score avec 0 secondes","duration":0.31910000000002015,"failureMessages":[],"meta":{}},{"ancestorTitles":["Calcul du score"],"fullName":"Calcul du score calcule score pour valeurs élevées","status":"passed","title":"calcule score pour valeurs élevées","duration":0.15040000000001896,"failureMessages":[],"meta":{}}],"startTime":1765468770329,"endTime":1765468770331.319,"status":"passed","message":"","name":"D:/heh-dst/programmation/exercices/jeux-tp1/src/test/score.test.ts"}]}